<?xml version="1.0" encoding="UTF-8"?>
<testng-results total="1" passed="1" failed="0" skipped="0">
  <reporter-output>
  </reporter-output>
  <suite started-at="2024-01-27T16:31:23Z" name="CalcSuite" finished-at="2024-01-27T16:31:23Z" duration-ms="115">
    <groups>
    </groups>
    <test started-at="2024-01-27T16:31:23Z" name="TestCalc" finished-at="2024-01-27T16:31:23Z" duration-ms="115">
      <class name="com.test.testng.TestCalc">
        <test-method is-config="true" signature="beforeMethod()[pri:0, instance:com.test.testng.TestCalc@41005828]" started-at="2024-01-27T22:01:23Z" name="beforeMethod" finished-at="2024-01-27T22:01:23Z" duration-ms="38" status="PASS">
          <reporter-output>
          </reporter-output>
        </test-method> <!-- beforeMethod -->
        <test-method signature="testAdd()[pri:0, instance:com.test.testng.TestCalc@41005828]" started-at="2024-01-27T22:01:23Z" name="testAdd" finished-at="2024-01-27T22:01:23Z" duration-ms="26" status="PASS">
          <reporter-output>
          </reporter-output>
        </test-method> <!-- testAdd -->
        <test-method is-config="true" signature="afterMethod()[pri:0, instance:com.test.testng.TestCalc@41005828]" started-at="2024-01-27T22:01:23Z" name="afterMethod" finished-at="2024-01-27T22:01:23Z" duration-ms="3" status="PASS">
          <reporter-output>
          </reporter-output>
        </test-method> <!-- afterMethod -->
      </class> <!-- com.test.testng.TestCalc -->
    </test> <!-- TestCalc -->
  </suite> <!-- CalcSuite -->
</testng-results>
