<?xml version="1.0" encoding="UTF-8"?>
<testng-results ignored="0" total="1" passed="1" failed="0" skipped="0">
  <reporter-output>
  </reporter-output>
  <suite started-at="2024-01-27T21:52:51 IST" name="CalcSuite" finished-at="2024-01-27T21:52:51 IST" duration-ms="89">
    <groups>
    </groups>
    <test started-at="2024-01-27T21:52:51 IST" name="TestCalc" finished-at="2024-01-27T21:52:51 IST" duration-ms="89">
      <class name="com.test.testng.TestCalc">
        <test-method is-config="true" signature="beforeMethod()[pri:0, instance:com.test.testng.TestCalc@52102734]" started-at="2024-01-27T21:52:51 IST" name="beforeMethod" finished-at="2024-01-27T21:52:51 IST" duration-ms="8" status="PASS">
          <reporter-output>
          </reporter-output>
        </test-method> <!-- beforeMethod -->
        <test-method signature="testAdd()[pri:0, instance:com.test.testng.TestCalc@52102734]" started-at="2024-01-27T21:52:51 IST" name="testAdd" finished-at="2024-01-27T21:52:51 IST" duration-ms="19" status="PASS">
          <reporter-output>
          </reporter-output>
        </test-method> <!-- testAdd -->
        <test-method is-config="true" signature="afterMethod()[pri:0, instance:com.test.testng.TestCalc@52102734]" started-at="2024-01-27T21:52:51 IST" name="afterMethod" finished-at="2024-01-27T21:52:51 IST" duration-ms="3" status="PASS">
          <reporter-output>
          </reporter-output>
        </test-method> <!-- afterMethod -->
      </class> <!-- com.test.testng.TestCalc -->
    </test> <!-- TestCalc -->
  </suite> <!-- CalcSuite -->
</testng-results>
